<?xml version="1.0" encoding="UTF-8"?>
<testsuites>
  <testsuite name="Add new payee" timestamp="2023-02-17T12:15:45" time="16.348" tests="1" failures="1" errors="1" skipped="0">
    <properties>
      <property name="specId" value="0"/>
      <property name="suiteName" value="Add new payee"/>
      <property name="capabilities" value="chrome.110_0_5481_77.windows"/>
      <property name="file" value="file:///C:/Users/ADMIN/Desktop/Webdriver/webdriverio_github_actions/test/specs/add_new_payee.e2e.js"/>
    </properties>
    <testcase classname="chrome.110_0_5481_77.windows.Add_new_payee" name="Add new payee pay bills" time="16.345">
      <failure/>
      <error message="Can't call $ on element with selector &quot;a=Logout&quot; because element wasn't found"/>
      <system-out><![CDATA[
COMMAND: POST /session/6300bb496a8ea276bebfd4cc2786c279/url - {"url":"http://zero.webappsecurity.com/index.html"}
RESULT: {"url":"http://zero.webappsecurity.com/index.html"}
COMMAND: POST /session/6300bb496a8ea276bebfd4cc2786c279/window/maximize - {}
RESULT: {}
RESULT: undefined
COMMAND: POST /session/6300bb496a8ea276bebfd4cc2786c279/element - {"using":"xpath","value":".//button[contains(., \"Signin\")]"}
RESULT: {"using":"xpath","value":".//button[contains(., \"Signin\")]"}
COMMAND: POST /session/6300bb496a8ea276bebfd4cc2786c279/execute/sync - {"script":"return (function isElementDisplayed(element) {\n    function nodeIsElement(node) {\n        if (!node) {\n            return false;\n        }\n        switch (node.nodeType) {\n            case Node.ELEMEN ... (7807 more bytes)","args":[{"element-6066-11e4-a52e-4f735466cecf":"2d1ea12f-4d1d-4f88-a18e-4feb28812c87","ELEMENT":"2d1ea12f-4d1d-4f88-a18e-4feb28812c87"}]}
RESULT: {"script":"return (function isElementDisplayed(element) {\n    function nodeIsElement(node) {\n        if (!node) {\n            return false;\n        }\n        switch (node.nodeType) {\n            case Node.ELEMEN ... (7807 more bytes)","args":[{"element-6066-11e4-a52e-4f735466cecf":"2d1ea12f-4d1d-4f88-a18e-4feb28812c87","ELEMENT":"2d1ea12f-4d1d-4f88-a18e-4feb28812c87"}]}
COMMAND: POST /session/6300bb496a8ea276bebfd4cc2786c279/execute/sync - {"script":"return (function isElementClickable(elem) {\n    if (!elem.getBoundingClientRect || !elem.scrollIntoView || !elem.contains || !elem.getClientRects || !document.elementFromPoint) {\n        return false; ... (5151 more bytes)","args":[{"element-6066-11e4-a52e-4f735466cecf":"2d1ea12f-4d1d-4f88-a18e-4feb28812c87","ELEMENT":"2d1ea12f-4d1d-4f88-a18e-4feb28812c87"}]}
RESULT: {"script":"return (function isElementClickable(elem) {\n    if (!elem.getBoundingClientRect || !elem.scrollIntoView || !elem.contains || !elem.getClientRects || !document.elementFromPoint) {\n        return false; ... (5151 more bytes)","args":[{"element-6066-11e4-a52e-4f735466cecf":"2d1ea12f-4d1d-4f88-a18e-4feb28812c87","ELEMENT":"2d1ea12f-4d1d-4f88-a18e-4feb28812c87"}]}
COMMAND: POST /session/6300bb496a8ea276bebfd4cc2786c279/element/2d1ea12f-4d1d-4f88-a18e-4feb28812c87/click - {}
RESULT: {}
RESULT: undefined
COMMAND: POST /session/6300bb496a8ea276bebfd4cc2786c279/element - {"using":"css selector","value":"#login_form"}
RESULT: {"using":"css selector","value":"#login_form"}
COMMAND: POST /session/6300bb496a8ea276bebfd4cc2786c279/execute/sync - {"script":"return (function isElementDisplayed(element) {\n    function nodeIsElement(node) {\n        if (!node) {\n            return false;\n        }\n        switch (node.nodeType) {\n            case Node.ELEMEN ... (7807 more bytes)","args":[{"element-6066-11e4-a52e-4f735466cecf":"c11fc676-b7fb-49d0-9d29-81df4d721348","ELEMENT":"c11fc676-b7fb-49d0-9d29-81df4d721348"}]}
RESULT: {"script":"return (function isElementDisplayed(element) {\n    function nodeIsElement(node) {\n        if (!node) {\n            return false;\n        }\n        switch (node.nodeType) {\n            case Node.ELEMEN ... (7807 more bytes)","args":[{"element-6066-11e4-a52e-4f735466cecf":"c11fc676-b7fb-49d0-9d29-81df4d721348","ELEMENT":"c11fc676-b7fb-49d0-9d29-81df4d721348"}]}
RESULT: undefined
COMMAND: POST /session/6300bb496a8ea276bebfd4cc2786c279/element - {"using":"css selector","value":"#user_login"}
RESULT: {"using":"css selector","value":"#user_login"}
COMMAND: POST /session/6300bb496a8ea276bebfd4cc2786c279/element/67e47553-b940-4737-8563-40c9091be59b/clear - {}
RESULT: {}
COMMAND: POST /session/6300bb496a8ea276bebfd4cc2786c279/element/67e47553-b940-4737-8563-40c9091be59b/value - {"text":"undefined"}
RESULT: {"text":"undefined"}
RESULT: undefined
COMMAND: POST /session/6300bb496a8ea276bebfd4cc2786c279/element - {"using":"css selector","value":"#user_password"}
RESULT: {"using":"css selector","value":"#user_password"}
COMMAND: POST /session/6300bb496a8ea276bebfd4cc2786c279/element/ea535646-5353-4f39-8c06-6f2a4e76c4bf/clear - {}
RESULT: {}
COMMAND: POST /session/6300bb496a8ea276bebfd4cc2786c279/element/ea535646-5353-4f39-8c06-6f2a4e76c4bf/value - {"text":"undefined"}
RESULT: {"text":"undefined"}
RESULT: undefined
COMMAND: POST /session/6300bb496a8ea276bebfd4cc2786c279/element - {"using":"css selector","value":"#user_remember_me"}
RESULT: {"using":"css selector","value":"#user_remember_me"}
COMMAND: POST /session/6300bb496a8ea276bebfd4cc2786c279/execute/sync - {"script":"return (function isElementDisplayed(element) {\n    function nodeIsElement(node) {\n        if (!node) {\n            return false;\n        }\n        switch (node.nodeType) {\n            case Node.ELEMEN ... (7807 more bytes)","args":[{"element-6066-11e4-a52e-4f735466cecf":"dc2e8e41-d616-4efc-be19-a0f6cd00b029","ELEMENT":"dc2e8e41-d616-4efc-be19-a0f6cd00b029"}]}
RESULT: {"script":"return (function isElementDisplayed(element) {\n    function nodeIsElement(node) {\n        if (!node) {\n            return false;\n        }\n        switch (node.nodeType) {\n            case Node.ELEMEN ... (7807 more bytes)","args":[{"element-6066-11e4-a52e-4f735466cecf":"dc2e8e41-d616-4efc-be19-a0f6cd00b029","ELEMENT":"dc2e8e41-d616-4efc-be19-a0f6cd00b029"}]}
COMMAND: POST /session/6300bb496a8ea276bebfd4cc2786c279/execute/sync - {"script":"return (function isElementClickable(elem) {\n    if (!elem.getBoundingClientRect || !elem.scrollIntoView || !elem.contains || !elem.getClientRects || !document.elementFromPoint) {\n        return false; ... (5151 more bytes)","args":[{"element-6066-11e4-a52e-4f735466cecf":"dc2e8e41-d616-4efc-be19-a0f6cd00b029","ELEMENT":"dc2e8e41-d616-4efc-be19-a0f6cd00b029"}]}
RESULT: {"script":"return (function isElementClickable(elem) {\n    if (!elem.getBoundingClientRect || !elem.scrollIntoView || !elem.contains || !elem.getClientRects || !document.elementFromPoint) {\n        return false; ... (5151 more bytes)","args":[{"element-6066-11e4-a52e-4f735466cecf":"dc2e8e41-d616-4efc-be19-a0f6cd00b029","ELEMENT":"dc2e8e41-d616-4efc-be19-a0f6cd00b029"}]}
COMMAND: POST /session/6300bb496a8ea276bebfd4cc2786c279/element/dc2e8e41-d616-4efc-be19-a0f6cd00b029/click - {}
RESULT: {}
RESULT: undefined
COMMAND: POST /session/6300bb496a8ea276bebfd4cc2786c279/element - {"using":"css selector","value":"[value=\"Sign in\"]"}
RESULT: {"using":"css selector","value":"[value=\"Sign in\"]"}
COMMAND: POST /session/6300bb496a8ea276bebfd4cc2786c279/execute/sync - {"script":"return (function isElementDisplayed(element) {\n    function nodeIsElement(node) {\n        if (!node) {\n            return false;\n        }\n        switch (node.nodeType) {\n            case Node.ELEMEN ... (7807 more bytes)","args":[{"element-6066-11e4-a52e-4f735466cecf":"554f8b6d-4c56-4fac-a54e-26a205f69f21","ELEMENT":"554f8b6d-4c56-4fac-a54e-26a205f69f21"}]}
RESULT: {"script":"return (function isElementDisplayed(element) {\n    function nodeIsElement(node) {\n        if (!node) {\n            return false;\n        }\n        switch (node.nodeType) {\n            case Node.ELEMEN ... (7807 more bytes)","args":[{"element-6066-11e4-a52e-4f735466cecf":"554f8b6d-4c56-4fac-a54e-26a205f69f21","ELEMENT":"554f8b6d-4c56-4fac-a54e-26a205f69f21"}]}
COMMAND: POST /session/6300bb496a8ea276bebfd4cc2786c279/execute/sync - {"script":"return (function isElementClickable(elem) {\n    if (!elem.getBoundingClientRect || !elem.scrollIntoView || !elem.contains || !elem.getClientRects || !document.elementFromPoint) {\n        return false; ... (5151 more bytes)","args":[{"element-6066-11e4-a52e-4f735466cecf":"554f8b6d-4c56-4fac-a54e-26a205f69f21","ELEMENT":"554f8b6d-4c56-4fac-a54e-26a205f69f21"}]}
RESULT: {"script":"return (function isElementClickable(elem) {\n    if (!elem.getBoundingClientRect || !elem.scrollIntoView || !elem.contains || !elem.getClientRects || !document.elementFromPoint) {\n        return false; ... (5151 more bytes)","args":[{"element-6066-11e4-a52e-4f735466cecf":"554f8b6d-4c56-4fac-a54e-26a205f69f21","ELEMENT":"554f8b6d-4c56-4fac-a54e-26a205f69f21"}]}
COMMAND: POST /session/6300bb496a8ea276bebfd4cc2786c279/element/554f8b6d-4c56-4fac-a54e-26a205f69f21/click - {}
RESULT: {}
RESULT: undefined
COMMAND: POST /session/6300bb496a8ea276bebfd4cc2786c279/url - {"url":"http://zero.webappsecurity.com/"}
RESULT: {"url":"http://zero.webappsecurity.com/"}
COMMAND: POST /session/6300bb496a8ea276bebfd4cc2786c279/element - {"using":"xpath","value":".//a[normalize-space() = \"Logout\"]"}
RESULT: {"using":"xpath","value":".//a[normalize-space() = \"Logout\"]"}
COMMAND: POST /session/6300bb496a8ea276bebfd4cc2786c279/elements - {"using":"xpath","value":".//a[normalize-space() = \"Logout\"]"}
RESULT: {"using":"xpath","value":".//a[normalize-space() = \"Logout\"]"}
COMMAND: POST /session/6300bb496a8ea276bebfd4cc2786c279/elements - {"using":"xpath","value":".//a[normalize-space() = \"Logout\"]"}
RESULT: {"using":"xpath","value":".//a[normalize-space() = \"Logout\"]"}
COMMAND: POST /session/6300bb496a8ea276bebfd4cc2786c279/elements - {"using":"xpath","value":".//a[normalize-space() = \"Logout\"]"}
RESULT: {"using":"xpath","value":".//a[normalize-space() = \"Logout\"]"}
COMMAND: POST /session/6300bb496a8ea276bebfd4cc2786c279/elements - {"using":"xpath","value":".//a[normalize-space() = \"Logout\"]"}
RESULT: {"using":"xpath","value":".//a[normalize-space() = \"Logout\"]"}
COMMAND: POST /session/6300bb496a8ea276bebfd4cc2786c279/elements - {"using":"xpath","value":".//a[normalize-space() = \"Logout\"]"}
RESULT: {"using":"xpath","value":".//a[normalize-space() = \"Logout\"]"}
COMMAND: POST /session/6300bb496a8ea276bebfd4cc2786c279/elements - {"using":"xpath","value":".//a[normalize-space() = \"Logout\"]"}
RESULT: {"using":"xpath","value":".//a[normalize-space() = \"Logout\"]"}
COMMAND: POST /session/6300bb496a8ea276bebfd4cc2786c279/elements - {"using":"xpath","value":".//a[normalize-space() = \"Logout\"]"}
RESULT: {"using":"xpath","value":".//a[normalize-space() = \"Logout\"]"}
COMMAND: POST /session/6300bb496a8ea276bebfd4cc2786c279/elements - {"using":"xpath","value":".//a[normalize-space() = \"Logout\"]"}
RESULT: {"using":"xpath","value":".//a[normalize-space() = \"Logout\"]"}
COMMAND: POST /session/6300bb496a8ea276bebfd4cc2786c279/elements - {"using":"xpath","value":".//a[normalize-space() = \"Logout\"]"}
RESULT: {"using":"xpath","value":".//a[normalize-space() = \"Logout\"]"}
COMMAND: POST /session/6300bb496a8ea276bebfd4cc2786c279/elements - {"using":"xpath","value":".//a[normalize-space() = \"Logout\"]"}
RESULT: {"using":"xpath","value":".//a[normalize-space() = \"Logout\"]"}
COMMAND: POST /session/6300bb496a8ea276bebfd4cc2786c279/elements - {"using":"xpath","value":".//a[normalize-space() = \"Logout\"]"}
RESULT: {"using":"xpath","value":".//a[normalize-space() = \"Logout\"]"}
COMMAND: POST /session/6300bb496a8ea276bebfd4cc2786c279/elements - {"using":"xpath","value":".//a[normalize-space() = \"Logout\"]"}
RESULT: {"using":"xpath","value":".//a[normalize-space() = \"Logout\"]"}
COMMAND: POST /session/6300bb496a8ea276bebfd4cc2786c279/elements - {"using":"xpath","value":".//a[normalize-space() = \"Logout\"]"}
RESULT: {"using":"xpath","value":".//a[normalize-space() = \"Logout\"]"}
COMMAND: POST /session/6300bb496a8ea276bebfd4cc2786c279/elements - {"using":"xpath","value":".//a[normalize-space() = \"Logout\"]"}
RESULT: {"using":"xpath","value":".//a[normalize-space() = \"Logout\"]"}
COMMAND: POST /session/6300bb496a8ea276bebfd4cc2786c279/elements - {"using":"xpath","value":".//a[normalize-space() = \"Logout\"]"}
RESULT: {"using":"xpath","value":".//a[normalize-space() = \"Logout\"]"}
COMMAND: POST /session/6300bb496a8ea276bebfd4cc2786c279/elements - {"using":"xpath","value":".//a[normalize-space() = \"Logout\"]"}
RESULT: {"using":"xpath","value":".//a[normalize-space() = \"Logout\"]"}
COMMAND: POST /session/6300bb496a8ea276bebfd4cc2786c279/elements - {"using":"xpath","value":".//a[normalize-space() = \"Logout\"]"}
RESULT: {"using":"xpath","value":".//a[normalize-space() = \"Logout\"]"}
COMMAND: POST /session/6300bb496a8ea276bebfd4cc2786c279/elements - {"using":"xpath","value":".//a[normalize-space() = \"Logout\"]"}
RESULT: {"using":"xpath","value":".//a[normalize-space() = \"Logout\"]"}
COMMAND: POST /session/6300bb496a8ea276bebfd4cc2786c279/elements - {"using":"xpath","value":".//a[normalize-space() = \"Logout\"]"}
RESULT: {"using":"xpath","value":".//a[normalize-space() = \"Logout\"]"}
COMMAND: POST /session/6300bb496a8ea276bebfd4cc2786c279/elements - {"using":"xpath","value":".//a[normalize-space() = \"Logout\"]"}
RESULT: {"using":"xpath","value":".//a[normalize-space() = \"Logout\"]"}
COMMAND: DELETE /session/6300bb496a8ea276bebfd4cc2786c279 - {}
RESULT: {}
]]></system-out>
      <system-err><![CDATA[
Error: Can't call $ on element with selector "a=Logout" because element wasn't found
    at async Browser.<anonymous> (C:\Users\ADMIN\Desktop\Webdriver\webdriverio_github_actions\wdio.conf.js:256:38)
]]></system-err>
    </testcase>
  </testsuite>
</testsuites>