<?xml version="1.0" encoding="UTF-8"?>
<testsuites>
  <testsuite name="Forgot password" timestamp="2023-02-17T12:15:45" time="8.382" tests="1" failures="0" errors="0" skipped="0">
    <properties>
      <property name="specId" value="0"/>
      <property name="suiteName" value="Forgot password"/>
      <property name="capabilities" value="chrome.110_0_5481_77.windows"/>
      <property name="file" value="file:///C:/Users/ADMIN/Desktop/Webdriver/webdriverio_github_actions/test/specs/forgot_password.e2e.js"/>
    </properties>
    <testcase classname="chrome.110_0_5481_77.windows.Forgot_password" name="Send email for forgot password" time="8.381">
      <system-out><![CDATA[
COMMAND: POST /session/34d53baf1d43c2a557b2f3c8db36108d/url - {"url":"http://zero.webappsecurity.com/index.html"}
RESULT: {"url":"http://zero.webappsecurity.com/index.html"}
COMMAND: POST /session/34d53baf1d43c2a557b2f3c8db36108d/window/maximize - {}
RESULT: {}
RESULT: undefined
COMMAND: POST /session/34d53baf1d43c2a557b2f3c8db36108d/element - {"using":"xpath","value":".//button[contains(., \"Signin\")]"}
RESULT: {"using":"xpath","value":".//button[contains(., \"Signin\")]"}
COMMAND: POST /session/34d53baf1d43c2a557b2f3c8db36108d/execute/sync - {"script":"return (function isElementDisplayed(element) {\n    function nodeIsElement(node) {\n        if (!node) {\n            return false;\n        }\n        switch (node.nodeType) {\n            case Node.ELEMEN ... (7807 more bytes)","args":[{"element-6066-11e4-a52e-4f735466cecf":"5554f0e8-75e1-4678-88f2-e2b3a193c047","ELEMENT":"5554f0e8-75e1-4678-88f2-e2b3a193c047"}]}
RESULT: {"script":"return (function isElementDisplayed(element) {\n    function nodeIsElement(node) {\n        if (!node) {\n            return false;\n        }\n        switch (node.nodeType) {\n            case Node.ELEMEN ... (7807 more bytes)","args":[{"element-6066-11e4-a52e-4f735466cecf":"5554f0e8-75e1-4678-88f2-e2b3a193c047","ELEMENT":"5554f0e8-75e1-4678-88f2-e2b3a193c047"}]}
COMMAND: POST /session/34d53baf1d43c2a557b2f3c8db36108d/execute/sync - {"script":"return (function isElementClickable(elem) {\n    if (!elem.getBoundingClientRect || !elem.scrollIntoView || !elem.contains || !elem.getClientRects || !document.elementFromPoint) {\n        return false; ... (5151 more bytes)","args":[{"element-6066-11e4-a52e-4f735466cecf":"5554f0e8-75e1-4678-88f2-e2b3a193c047","ELEMENT":"5554f0e8-75e1-4678-88f2-e2b3a193c047"}]}
RESULT: {"script":"return (function isElementClickable(elem) {\n    if (!elem.getBoundingClientRect || !elem.scrollIntoView || !elem.contains || !elem.getClientRects || !document.elementFromPoint) {\n        return false; ... (5151 more bytes)","args":[{"element-6066-11e4-a52e-4f735466cecf":"5554f0e8-75e1-4678-88f2-e2b3a193c047","ELEMENT":"5554f0e8-75e1-4678-88f2-e2b3a193c047"}]}
COMMAND: POST /session/34d53baf1d43c2a557b2f3c8db36108d/element/5554f0e8-75e1-4678-88f2-e2b3a193c047/click - {}
RESULT: {}
RESULT: undefined
COMMAND: POST /session/34d53baf1d43c2a557b2f3c8db36108d/element - {"using":"css selector","value":"#login_form"}
RESULT: {"using":"css selector","value":"#login_form"}
COMMAND: POST /session/34d53baf1d43c2a557b2f3c8db36108d/execute/sync - {"script":"return (function isElementDisplayed(element) {\n    function nodeIsElement(node) {\n        if (!node) {\n            return false;\n        }\n        switch (node.nodeType) {\n            case Node.ELEMEN ... (7807 more bytes)","args":[{"element-6066-11e4-a52e-4f735466cecf":"6942e0c9-8324-42f5-be7c-1a71ac6957b7","ELEMENT":"6942e0c9-8324-42f5-be7c-1a71ac6957b7"}]}
RESULT: {"script":"return (function isElementDisplayed(element) {\n    function nodeIsElement(node) {\n        if (!node) {\n            return false;\n        }\n        switch (node.nodeType) {\n            case Node.ELEMEN ... (7807 more bytes)","args":[{"element-6066-11e4-a52e-4f735466cecf":"6942e0c9-8324-42f5-be7c-1a71ac6957b7","ELEMENT":"6942e0c9-8324-42f5-be7c-1a71ac6957b7"}]}
RESULT: undefined
COMMAND: POST /session/34d53baf1d43c2a557b2f3c8db36108d/element - {"using":"xpath","value":".//a[normalize-space() = \"Forgot your password ?\"]"}
RESULT: {"using":"xpath","value":".//a[normalize-space() = \"Forgot your password ?\"]"}
COMMAND: POST /session/34d53baf1d43c2a557b2f3c8db36108d/element/9512e938-f4a6-490c-a1f1-9bf47424a3e0/click - {}
RESULT: {}
RESULT: undefined
COMMAND: POST /session/34d53baf1d43c2a557b2f3c8db36108d/element - {"using":"css selector","value":"h3"}
RESULT: {"using":"css selector","value":"h3"}
COMMAND: POST /session/34d53baf1d43c2a557b2f3c8db36108d/element - {"using":"css selector","value":"h3"}
RESULT: {"using":"css selector","value":"h3"}
COMMAND: POST /session/34d53baf1d43c2a557b2f3c8db36108d/element/880cac42-35ef-43c7-9568-eda42afde982/element - {"using":"xpath","value":".."}
RESULT: {"using":"xpath","value":".."}
COMMAND: POST /session/34d53baf1d43c2a557b2f3c8db36108d/element/200f74cb-8042-4c4b-8faf-3be361311419/element - {"using":"xpath","value":".."}
RESULT: {"using":"xpath","value":".."}
COMMAND: POST /session/34d53baf1d43c2a557b2f3c8db36108d/element/fd81b88d-236f-4912-91f3-5f198f88db0a/element - {"using":"xpath","value":".."}
RESULT: {"using":"xpath","value":".."}
COMMAND: POST /session/34d53baf1d43c2a557b2f3c8db36108d/element/686b479d-3bca-4a95-acfd-2bc3344bc235/element - {"using":"css selector","value":"p"}
RESULT: {"using":"css selector","value":"p"}
COMMAND: GET /session/34d53baf1d43c2a557b2f3c8db36108d/element/880cac42-35ef-43c7-9568-eda42afde982/text - {}
RESULT: {}
COMMAND: GET /session/34d53baf1d43c2a557b2f3c8db36108d/element/2f2ee9a5-aba5-4ef1-931a-4b12eef72540/text - {}
RESULT: {}
RESULT: undefined
COMMAND: POST /session/34d53baf1d43c2a557b2f3c8db36108d/element - {"using":"css selector","value":"h3"}
RESULT: {"using":"css selector","value":"h3"}
COMMAND: POST /session/34d53baf1d43c2a557b2f3c8db36108d/element/880cac42-35ef-43c7-9568-eda42afde982/element - {"using":"xpath","value":".."}
RESULT: {"using":"xpath","value":".."}
COMMAND: POST /session/34d53baf1d43c2a557b2f3c8db36108d/element/200f74cb-8042-4c4b-8faf-3be361311419/element - {"using":"xpath","value":".."}
RESULT: {"using":"xpath","value":".."}
COMMAND: POST /session/34d53baf1d43c2a557b2f3c8db36108d/element/fd81b88d-236f-4912-91f3-5f198f88db0a/element - {"using":"xpath","value":".."}
RESULT: {"using":"xpath","value":".."}
COMMAND: POST /session/34d53baf1d43c2a557b2f3c8db36108d/element/686b479d-3bca-4a95-acfd-2bc3344bc235/element - {"using":"css selector","value":"p"}
RESULT: {"using":"css selector","value":"p"}
COMMAND: POST /session/34d53baf1d43c2a557b2f3c8db36108d/element/2f2ee9a5-aba5-4ef1-931a-4b12eef72540/element - {"using":"xpath","value":".."}
RESULT: {"using":"xpath","value":".."}
COMMAND: POST /session/34d53baf1d43c2a557b2f3c8db36108d/element/fd81b88d-236f-4912-91f3-5f198f88db0a/element - {"using":"xpath","value":".//label[normalize-space() = \"Email\"]"}
RESULT: {"using":"xpath","value":".//label[normalize-space() = \"Email\"]"}
COMMAND: POST /session/34d53baf1d43c2a557b2f3c8db36108d/element/0ce0ab06-8b07-4d49-8d23-3a4b1a019e91/element - {"using":"xpath","value":".."}
RESULT: {"using":"xpath","value":".."}
COMMAND: POST /session/34d53baf1d43c2a557b2f3c8db36108d/element/5f2eb280-8421-4298-a8c4-b125899e95d7/element - {"using":"css selector","value":"input"}
RESULT: {"using":"css selector","value":"input"}
COMMAND: POST /session/34d53baf1d43c2a557b2f3c8db36108d/element/ac8c8788-614b-494d-8f60-12c86196e673/clear - {}
RESULT: {}
COMMAND: POST /session/34d53baf1d43c2a557b2f3c8db36108d/element/ac8c8788-614b-494d-8f60-12c86196e673/value - {"text":"baonguyen01121995@gmail.com"}
RESULT: {"text":"baonguyen01121995@gmail.com"}
RESULT: undefined
COMMAND: POST /session/34d53baf1d43c2a557b2f3c8db36108d/element - {"using":"css selector","value":"[value=\"Send Password\"]"}
RESULT: {"using":"css selector","value":"[value=\"Send Password\"]"}
COMMAND: POST /session/34d53baf1d43c2a557b2f3c8db36108d/element/54ccf211-362a-4711-8541-fb50c996a780/click - {}
RESULT: {}
RESULT: undefined
COMMAND: POST /session/34d53baf1d43c2a557b2f3c8db36108d/element - {"using":"css selector","value":"h3"}
RESULT: {"using":"css selector","value":"h3"}
COMMAND: POST /session/34d53baf1d43c2a557b2f3c8db36108d/element - {"using":"css selector","value":"h3"}
RESULT: {"using":"css selector","value":"h3"}
COMMAND: POST /session/34d53baf1d43c2a557b2f3c8db36108d/element/1173ccab-17ff-48aa-944e-a5ddb06e9d46/element - {"using":"xpath","value":".."}
RESULT: {"using":"xpath","value":".."}
COMMAND: POST /session/34d53baf1d43c2a557b2f3c8db36108d/element/81e3ef32-7a44-4751-8a90-e5dde26d6244/element - {"using":"xpath","value":".."}
RESULT: {"using":"xpath","value":".."}
COMMAND: POST /session/34d53baf1d43c2a557b2f3c8db36108d/element/b2c369d3-614a-4a68-93a6-f948585f1cce/element - {"using":"xpath","value":".."}
RESULT: {"using":"xpath","value":".."}
COMMAND: POST /session/34d53baf1d43c2a557b2f3c8db36108d/element/e8fade26-f9a5-4000-9db2-e74b6731e91d/element - {"using":"xpath","value":".//div[contains(., \"Your password will be sent to the following email: baonguyen01121995@gmail.com\")]"}
RESULT: {"using":"xpath","value":".//div[contains(., \"Your password will be sent to the following email: baonguyen01121995@gmail.com\")]"}
COMMAND: GET /session/34d53baf1d43c2a557b2f3c8db36108d/element/1173ccab-17ff-48aa-944e-a5ddb06e9d46/text - {}
RESULT: {}
COMMAND: POST /session/34d53baf1d43c2a557b2f3c8db36108d/execute/sync - {"script":"return (function isElementDisplayed(element) {\n    function nodeIsElement(node) {\n        if (!node) {\n            return false;\n        }\n        switch (node.nodeType) {\n            case Node.ELEMEN ... (7807 more bytes)","args":[{"element-6066-11e4-a52e-4f735466cecf":"b2c369d3-614a-4a68-93a6-f948585f1cce","ELEMENT":"b2c369d3-614a-4a68-93a6-f948585f1cce"}]}
RESULT: {"script":"return (function isElementDisplayed(element) {\n    function nodeIsElement(node) {\n        if (!node) {\n            return false;\n        }\n        switch (node.nodeType) {\n            case Node.ELEMEN ... (7807 more bytes)","args":[{"element-6066-11e4-a52e-4f735466cecf":"b2c369d3-614a-4a68-93a6-f948585f1cce","ELEMENT":"b2c369d3-614a-4a68-93a6-f948585f1cce"}]}
RESULT: undefined
COMMAND: DELETE /session/34d53baf1d43c2a557b2f3c8db36108d - {}
RESULT: {}
]]></system-out>
    </testcase>
  </testsuite>
</testsuites>