<?xml version="1.0" encoding="UTF-8"?>
<testsuites>
  <testsuite name="Pay Saved Payee" timestamp="2023-02-17T12:15:45" time="17.127" tests="1" failures="1" errors="1" skipped="0">
    <properties>
      <property name="specId" value="0"/>
      <property name="suiteName" value="Pay Saved Payee"/>
      <property name="capabilities" value="chrome.110_0_5481_77.windows"/>
      <property name="file" value="file:///C:/Users/ADMIN/Desktop/Webdriver/webdriverio_github_actions/test/specs/pay_saved_payee.e2e.js"/>
    </properties>
    <testcase classname="chrome.110_0_5481_77.windows.Pay_Saved_Payee" name="Pay saved payee pay bills" time="17.123">
      <failure/>
      <error message="Can't call $ on element with selector &quot;a=Logout&quot; because element wasn't found"/>
      <system-out><![CDATA[
COMMAND: POST /session/32dee7d8e6c08919e66571fc4569b09b/url - {"url":"http://zero.webappsecurity.com/index.html"}
RESULT: {"url":"http://zero.webappsecurity.com/index.html"}
COMMAND: POST /session/32dee7d8e6c08919e66571fc4569b09b/window/maximize - {}
RESULT: {}
RESULT: undefined
COMMAND: POST /session/32dee7d8e6c08919e66571fc4569b09b/element - {"using":"xpath","value":".//button[contains(., \"Signin\")]"}
RESULT: {"using":"xpath","value":".//button[contains(., \"Signin\")]"}
COMMAND: POST /session/32dee7d8e6c08919e66571fc4569b09b/execute/sync - {"script":"return (function isElementDisplayed(element) {\n    function nodeIsElement(node) {\n        if (!node) {\n            return false;\n        }\n        switch (node.nodeType) {\n            case Node.ELEMEN ... (7807 more bytes)","args":[{"element-6066-11e4-a52e-4f735466cecf":"c3fec19c-28f5-436b-9a3c-74e1bd99a7a3","ELEMENT":"c3fec19c-28f5-436b-9a3c-74e1bd99a7a3"}]}
RESULT: {"script":"return (function isElementDisplayed(element) {\n    function nodeIsElement(node) {\n        if (!node) {\n            return false;\n        }\n        switch (node.nodeType) {\n            case Node.ELEMEN ... (7807 more bytes)","args":[{"element-6066-11e4-a52e-4f735466cecf":"c3fec19c-28f5-436b-9a3c-74e1bd99a7a3","ELEMENT":"c3fec19c-28f5-436b-9a3c-74e1bd99a7a3"}]}
COMMAND: POST /session/32dee7d8e6c08919e66571fc4569b09b/execute/sync - {"script":"return (function isElementClickable(elem) {\n    if (!elem.getBoundingClientRect || !elem.scrollIntoView || !elem.contains || !elem.getClientRects || !document.elementFromPoint) {\n        return false; ... (5151 more bytes)","args":[{"element-6066-11e4-a52e-4f735466cecf":"c3fec19c-28f5-436b-9a3c-74e1bd99a7a3","ELEMENT":"c3fec19c-28f5-436b-9a3c-74e1bd99a7a3"}]}
RESULT: {"script":"return (function isElementClickable(elem) {\n    if (!elem.getBoundingClientRect || !elem.scrollIntoView || !elem.contains || !elem.getClientRects || !document.elementFromPoint) {\n        return false; ... (5151 more bytes)","args":[{"element-6066-11e4-a52e-4f735466cecf":"c3fec19c-28f5-436b-9a3c-74e1bd99a7a3","ELEMENT":"c3fec19c-28f5-436b-9a3c-74e1bd99a7a3"}]}
COMMAND: POST /session/32dee7d8e6c08919e66571fc4569b09b/element/c3fec19c-28f5-436b-9a3c-74e1bd99a7a3/click - {}
RESULT: {}
RESULT: undefined
COMMAND: POST /session/32dee7d8e6c08919e66571fc4569b09b/element - {"using":"css selector","value":"#login_form"}
RESULT: {"using":"css selector","value":"#login_form"}
COMMAND: POST /session/32dee7d8e6c08919e66571fc4569b09b/execute/sync - {"script":"return (function isElementDisplayed(element) {\n    function nodeIsElement(node) {\n        if (!node) {\n            return false;\n        }\n        switch (node.nodeType) {\n            case Node.ELEMEN ... (7807 more bytes)","args":[{"element-6066-11e4-a52e-4f735466cecf":"1bf9ec36-de2e-40f1-b3fb-91df9bb668d2","ELEMENT":"1bf9ec36-de2e-40f1-b3fb-91df9bb668d2"}]}
RESULT: {"script":"return (function isElementDisplayed(element) {\n    function nodeIsElement(node) {\n        if (!node) {\n            return false;\n        }\n        switch (node.nodeType) {\n            case Node.ELEMEN ... (7807 more bytes)","args":[{"element-6066-11e4-a52e-4f735466cecf":"1bf9ec36-de2e-40f1-b3fb-91df9bb668d2","ELEMENT":"1bf9ec36-de2e-40f1-b3fb-91df9bb668d2"}]}
RESULT: undefined
COMMAND: POST /session/32dee7d8e6c08919e66571fc4569b09b/element - {"using":"css selector","value":"#user_login"}
RESULT: {"using":"css selector","value":"#user_login"}
COMMAND: POST /session/32dee7d8e6c08919e66571fc4569b09b/element/c43dd758-f463-44b5-8b6c-2dc69c9d8682/clear - {}
RESULT: {}
COMMAND: POST /session/32dee7d8e6c08919e66571fc4569b09b/element/c43dd758-f463-44b5-8b6c-2dc69c9d8682/value - {"text":"undefined"}
RESULT: {"text":"undefined"}
RESULT: undefined
COMMAND: POST /session/32dee7d8e6c08919e66571fc4569b09b/element - {"using":"css selector","value":"#user_password"}
RESULT: {"using":"css selector","value":"#user_password"}
COMMAND: POST /session/32dee7d8e6c08919e66571fc4569b09b/element/0b0860f7-3b42-4ee0-85fe-d61a0a25fdd6/clear - {}
RESULT: {}
COMMAND: POST /session/32dee7d8e6c08919e66571fc4569b09b/element/0b0860f7-3b42-4ee0-85fe-d61a0a25fdd6/value - {"text":"undefined"}
RESULT: {"text":"undefined"}
RESULT: undefined
COMMAND: POST /session/32dee7d8e6c08919e66571fc4569b09b/element - {"using":"css selector","value":"#user_remember_me"}
RESULT: {"using":"css selector","value":"#user_remember_me"}
COMMAND: POST /session/32dee7d8e6c08919e66571fc4569b09b/execute/sync - {"script":"return (function isElementDisplayed(element) {\n    function nodeIsElement(node) {\n        if (!node) {\n            return false;\n        }\n        switch (node.nodeType) {\n            case Node.ELEMEN ... (7807 more bytes)","args":[{"element-6066-11e4-a52e-4f735466cecf":"2a874e52-f2cf-473e-bb7f-941d97569eb0","ELEMENT":"2a874e52-f2cf-473e-bb7f-941d97569eb0"}]}
RESULT: {"script":"return (function isElementDisplayed(element) {\n    function nodeIsElement(node) {\n        if (!node) {\n            return false;\n        }\n        switch (node.nodeType) {\n            case Node.ELEMEN ... (7807 more bytes)","args":[{"element-6066-11e4-a52e-4f735466cecf":"2a874e52-f2cf-473e-bb7f-941d97569eb0","ELEMENT":"2a874e52-f2cf-473e-bb7f-941d97569eb0"}]}
COMMAND: POST /session/32dee7d8e6c08919e66571fc4569b09b/execute/sync - {"script":"return (function isElementClickable(elem) {\n    if (!elem.getBoundingClientRect || !elem.scrollIntoView || !elem.contains || !elem.getClientRects || !document.elementFromPoint) {\n        return false; ... (5151 more bytes)","args":[{"element-6066-11e4-a52e-4f735466cecf":"2a874e52-f2cf-473e-bb7f-941d97569eb0","ELEMENT":"2a874e52-f2cf-473e-bb7f-941d97569eb0"}]}
RESULT: {"script":"return (function isElementClickable(elem) {\n    if (!elem.getBoundingClientRect || !elem.scrollIntoView || !elem.contains || !elem.getClientRects || !document.elementFromPoint) {\n        return false; ... (5151 more bytes)","args":[{"element-6066-11e4-a52e-4f735466cecf":"2a874e52-f2cf-473e-bb7f-941d97569eb0","ELEMENT":"2a874e52-f2cf-473e-bb7f-941d97569eb0"}]}
COMMAND: POST /session/32dee7d8e6c08919e66571fc4569b09b/element/2a874e52-f2cf-473e-bb7f-941d97569eb0/click - {}
RESULT: {}
RESULT: undefined
COMMAND: POST /session/32dee7d8e6c08919e66571fc4569b09b/element - {"using":"css selector","value":"[value=\"Sign in\"]"}
RESULT: {"using":"css selector","value":"[value=\"Sign in\"]"}
COMMAND: POST /session/32dee7d8e6c08919e66571fc4569b09b/execute/sync - {"script":"return (function isElementDisplayed(element) {\n    function nodeIsElement(node) {\n        if (!node) {\n            return false;\n        }\n        switch (node.nodeType) {\n            case Node.ELEMEN ... (7807 more bytes)","args":[{"element-6066-11e4-a52e-4f735466cecf":"06b4172d-c235-417c-824a-8935a9e4effa","ELEMENT":"06b4172d-c235-417c-824a-8935a9e4effa"}]}
RESULT: {"script":"return (function isElementDisplayed(element) {\n    function nodeIsElement(node) {\n        if (!node) {\n            return false;\n        }\n        switch (node.nodeType) {\n            case Node.ELEMEN ... (7807 more bytes)","args":[{"element-6066-11e4-a52e-4f735466cecf":"06b4172d-c235-417c-824a-8935a9e4effa","ELEMENT":"06b4172d-c235-417c-824a-8935a9e4effa"}]}
COMMAND: POST /session/32dee7d8e6c08919e66571fc4569b09b/execute/sync - {"script":"return (function isElementClickable(elem) {\n    if (!elem.getBoundingClientRect || !elem.scrollIntoView || !elem.contains || !elem.getClientRects || !document.elementFromPoint) {\n        return false; ... (5151 more bytes)","args":[{"element-6066-11e4-a52e-4f735466cecf":"06b4172d-c235-417c-824a-8935a9e4effa","ELEMENT":"06b4172d-c235-417c-824a-8935a9e4effa"}]}
RESULT: {"script":"return (function isElementClickable(elem) {\n    if (!elem.getBoundingClientRect || !elem.scrollIntoView || !elem.contains || !elem.getClientRects || !document.elementFromPoint) {\n        return false; ... (5151 more bytes)","args":[{"element-6066-11e4-a52e-4f735466cecf":"06b4172d-c235-417c-824a-8935a9e4effa","ELEMENT":"06b4172d-c235-417c-824a-8935a9e4effa"}]}
COMMAND: POST /session/32dee7d8e6c08919e66571fc4569b09b/element/06b4172d-c235-417c-824a-8935a9e4effa/click - {}
RESULT: {}
RESULT: undefined
COMMAND: POST /session/32dee7d8e6c08919e66571fc4569b09b/url - {"url":"http://zero.webappsecurity.com/"}
RESULT: {"url":"http://zero.webappsecurity.com/"}
COMMAND: POST /session/32dee7d8e6c08919e66571fc4569b09b/element - {"using":"xpath","value":".//a[normalize-space() = \"Logout\"]"}
RESULT: {"using":"xpath","value":".//a[normalize-space() = \"Logout\"]"}
COMMAND: POST /session/32dee7d8e6c08919e66571fc4569b09b/elements - {"using":"xpath","value":".//a[normalize-space() = \"Logout\"]"}
RESULT: {"using":"xpath","value":".//a[normalize-space() = \"Logout\"]"}
COMMAND: POST /session/32dee7d8e6c08919e66571fc4569b09b/elements - {"using":"xpath","value":".//a[normalize-space() = \"Logout\"]"}
RESULT: {"using":"xpath","value":".//a[normalize-space() = \"Logout\"]"}
COMMAND: POST /session/32dee7d8e6c08919e66571fc4569b09b/elements - {"using":"xpath","value":".//a[normalize-space() = \"Logout\"]"}
RESULT: {"using":"xpath","value":".//a[normalize-space() = \"Logout\"]"}
COMMAND: POST /session/32dee7d8e6c08919e66571fc4569b09b/elements - {"using":"xpath","value":".//a[normalize-space() = \"Logout\"]"}
RESULT: {"using":"xpath","value":".//a[normalize-space() = \"Logout\"]"}
COMMAND: POST /session/32dee7d8e6c08919e66571fc4569b09b/elements - {"using":"xpath","value":".//a[normalize-space() = \"Logout\"]"}
RESULT: {"using":"xpath","value":".//a[normalize-space() = \"Logout\"]"}
COMMAND: POST /session/32dee7d8e6c08919e66571fc4569b09b/elements - {"using":"xpath","value":".//a[normalize-space() = \"Logout\"]"}
RESULT: {"using":"xpath","value":".//a[normalize-space() = \"Logout\"]"}
COMMAND: POST /session/32dee7d8e6c08919e66571fc4569b09b/elements - {"using":"xpath","value":".//a[normalize-space() = \"Logout\"]"}
RESULT: {"using":"xpath","value":".//a[normalize-space() = \"Logout\"]"}
COMMAND: POST /session/32dee7d8e6c08919e66571fc4569b09b/elements - {"using":"xpath","value":".//a[normalize-space() = \"Logout\"]"}
RESULT: {"using":"xpath","value":".//a[normalize-space() = \"Logout\"]"}
COMMAND: POST /session/32dee7d8e6c08919e66571fc4569b09b/elements - {"using":"xpath","value":".//a[normalize-space() = \"Logout\"]"}
RESULT: {"using":"xpath","value":".//a[normalize-space() = \"Logout\"]"}
COMMAND: POST /session/32dee7d8e6c08919e66571fc4569b09b/elements - {"using":"xpath","value":".//a[normalize-space() = \"Logout\"]"}
RESULT: {"using":"xpath","value":".//a[normalize-space() = \"Logout\"]"}
COMMAND: POST /session/32dee7d8e6c08919e66571fc4569b09b/elements - {"using":"xpath","value":".//a[normalize-space() = \"Logout\"]"}
RESULT: {"using":"xpath","value":".//a[normalize-space() = \"Logout\"]"}
COMMAND: POST /session/32dee7d8e6c08919e66571fc4569b09b/elements - {"using":"xpath","value":".//a[normalize-space() = \"Logout\"]"}
RESULT: {"using":"xpath","value":".//a[normalize-space() = \"Logout\"]"}
COMMAND: POST /session/32dee7d8e6c08919e66571fc4569b09b/elements - {"using":"xpath","value":".//a[normalize-space() = \"Logout\"]"}
RESULT: {"using":"xpath","value":".//a[normalize-space() = \"Logout\"]"}
COMMAND: POST /session/32dee7d8e6c08919e66571fc4569b09b/elements - {"using":"xpath","value":".//a[normalize-space() = \"Logout\"]"}
RESULT: {"using":"xpath","value":".//a[normalize-space() = \"Logout\"]"}
COMMAND: POST /session/32dee7d8e6c08919e66571fc4569b09b/elements - {"using":"xpath","value":".//a[normalize-space() = \"Logout\"]"}
RESULT: {"using":"xpath","value":".//a[normalize-space() = \"Logout\"]"}
COMMAND: POST /session/32dee7d8e6c08919e66571fc4569b09b/elements - {"using":"xpath","value":".//a[normalize-space() = \"Logout\"]"}
RESULT: {"using":"xpath","value":".//a[normalize-space() = \"Logout\"]"}
COMMAND: POST /session/32dee7d8e6c08919e66571fc4569b09b/elements - {"using":"xpath","value":".//a[normalize-space() = \"Logout\"]"}
RESULT: {"using":"xpath","value":".//a[normalize-space() = \"Logout\"]"}
COMMAND: POST /session/32dee7d8e6c08919e66571fc4569b09b/elements - {"using":"xpath","value":".//a[normalize-space() = \"Logout\"]"}
RESULT: {"using":"xpath","value":".//a[normalize-space() = \"Logout\"]"}
COMMAND: POST /session/32dee7d8e6c08919e66571fc4569b09b/elements - {"using":"xpath","value":".//a[normalize-space() = \"Logout\"]"}
RESULT: {"using":"xpath","value":".//a[normalize-space() = \"Logout\"]"}
COMMAND: POST /session/32dee7d8e6c08919e66571fc4569b09b/elements - {"using":"xpath","value":".//a[normalize-space() = \"Logout\"]"}
RESULT: {"using":"xpath","value":".//a[normalize-space() = \"Logout\"]"}
COMMAND: DELETE /session/32dee7d8e6c08919e66571fc4569b09b - {}
RESULT: {}
]]></system-out>
      <system-err><![CDATA[
Error: Can't call $ on element with selector "a=Logout" because element wasn't found
    at async Browser.<anonymous> (C:\Users\ADMIN\Desktop\Webdriver\webdriverio_github_actions\wdio.conf.js:256:38)
]]></system-err>
    </testcase>
  </testsuite>
</testsuites>