<?xml version="1.0" encoding="UTF-8"?>
<testsuites>
  <testsuite name="Feedback" timestamp="2023-02-17T12:15:45" time="15.292" tests="1" failures="0" errors="0" skipped="0">
    <properties>
      <property name="specId" value="0"/>
      <property name="suiteName" value="Feedback"/>
      <property name="capabilities" value="chrome.110_0_5481_77.windows"/>
      <property name="file" value="file:///C:/Users/ADMIN/Desktop/Webdriver/webdriverio_github_actions/test/specs/feedback.e2e.js"/>
    </properties>
    <testcase classname="chrome.110_0_5481_77.windows.Feedback" name="Open feedback and send feedback" time="15.291">
      <system-out><![CDATA[
COMMAND: POST /session/4fc28e253b565481e1c6e4e39067a406/url - {"url":"http://zero.webappsecurity.com/index.html"}
RESULT: {"url":"http://zero.webappsecurity.com/index.html"}
COMMAND: POST /session/4fc28e253b565481e1c6e4e39067a406/window/maximize - {}
RESULT: {}
RESULT: undefined
COMMAND: POST /session/4fc28e253b565481e1c6e4e39067a406/element - {"using":"xpath","value":".//div[normalize-space() = \"Feedback\"]"}
RESULT: {"using":"xpath","value":".//div[normalize-space() = \"Feedback\"]"}
COMMAND: POST /session/4fc28e253b565481e1c6e4e39067a406/element/91289ab4-bf8b-4d4a-8820-8752416f4992/click - {}
RESULT: {}
RESULT: undefined
COMMAND: POST /session/4fc28e253b565481e1c6e4e39067a406/element - {"using":"css selector","value":"h3"}
RESULT: {"using":"css selector","value":"h3"}
COMMAND: POST /session/4fc28e253b565481e1c6e4e39067a406/element - {"using":"css selector","value":"#faq-link"}
RESULT: {"using":"css selector","value":"#faq-link"}
COMMAND: POST /session/4fc28e253b565481e1c6e4e39067a406/element/3093c381-febd-42c7-86d6-8bd870431b69/element - {"using":"xpath","value":".."}
RESULT: {"using":"xpath","value":".."}
COMMAND: POST /session/4fc28e253b565481e1c6e4e39067a406/element/78a51092-7b26-4be7-952f-8edba46babfe/element - {"using":"xpath","value":".."}
RESULT: {"using":"xpath","value":".."}
COMMAND: POST /session/4fc28e253b565481e1c6e4e39067a406/element/24e460a5-50e7-45df-b1f8-810c795bae1c/element - {"using":"css selector","value":"p"}
RESULT: {"using":"css selector","value":"p"}
COMMAND: POST /session/4fc28e253b565481e1c6e4e39067a406/element - {"using":"css selector","value":"#faq-link"}
RESULT: {"using":"css selector","value":"#faq-link"}
COMMAND: POST /session/4fc28e253b565481e1c6e4e39067a406/element/3093c381-febd-42c7-86d6-8bd870431b69/element - {"using":"xpath","value":".."}
RESULT: {"using":"xpath","value":".."}
COMMAND: POST /session/4fc28e253b565481e1c6e4e39067a406/element/78a51092-7b26-4be7-952f-8edba46babfe/element - {"using":"xpath","value":".."}
RESULT: {"using":"xpath","value":".."}
COMMAND: POST /session/4fc28e253b565481e1c6e4e39067a406/element/24e460a5-50e7-45df-b1f8-810c795bae1c/element - {"using":"xpath","value":".."}
RESULT: {"using":"xpath","value":".."}
COMMAND: POST /session/4fc28e253b565481e1c6e4e39067a406/element/bcea062c-1509-4b06-95de-cb1976aa3bfc/element - {"using":"css selector","value":"#description"}
RESULT: {"using":"css selector","value":"#description"}
COMMAND: POST /session/4fc28e253b565481e1c6e4e39067a406/execute/sync - {"script":"return (function (elem, id) {\n        return (function nextElement() {\n        return this.nextElementSibling;\n    }).call(elem, id);\n    }).apply(null, arguments)","args":[{"element-6066-11e4-a52e-4f735466cecf":"24e460a5-50e7-45df-b1f8-810c795bae1c","ELEMENT":"24e460a5-50e7-45df-b1f8-810c795bae1c"},null]}
RESULT: {"script":"return (function (elem, id) {\n        return (function nextElement() {\n        return this.nextElementSibling;\n    }).call(elem, id);\n    }).apply(null, arguments)","args":[{"element-6066-11e4-a52e-4f735466cecf":"24e460a5-50e7-45df-b1f8-810c795bae1c","ELEMENT":"24e460a5-50e7-45df-b1f8-810c795bae1c"},null]}
COMMAND: GET /session/4fc28e253b565481e1c6e4e39067a406/element/47c9be4f-69d7-4047-a575-7a7a24b54968/text - {}
RESULT: {}
COMMAND: GET /session/4fc28e253b565481e1c6e4e39067a406/element/78a51092-7b26-4be7-952f-8edba46babfe/text - {}
RESULT: {}
COMMAND: GET /session/4fc28e253b565481e1c6e4e39067a406/element/dd9837fd-969e-4da8-a112-64c35e2759de/text - {}
RESULT: {}
RESULT: undefined
COMMAND: POST /session/4fc28e253b565481e1c6e4e39067a406/element - {"using":"css selector","value":"[placeholder=\"Your Name\"]"}
RESULT: {"using":"css selector","value":"[placeholder=\"Your Name\"]"}
COMMAND: POST /session/4fc28e253b565481e1c6e4e39067a406/element - {"using":"css selector","value":"[placeholder=\"Your email address\"]"}
RESULT: {"using":"css selector","value":"[placeholder=\"Your email address\"]"}
COMMAND: POST /session/4fc28e253b565481e1c6e4e39067a406/element - {"using":"css selector","value":"[placeholder=\"Subject\"]"}
RESULT: {"using":"css selector","value":"[placeholder=\"Subject\"]"}
COMMAND: POST /session/4fc28e253b565481e1c6e4e39067a406/element - {"using":"css selector","value":"[placeholder=\"Type your questions here...\"]"}
RESULT: {"using":"css selector","value":"[placeholder=\"Type your questions here...\"]"}
COMMAND: POST /session/4fc28e253b565481e1c6e4e39067a406/element/368dccd8-1e23-40fa-a039-d6cafb3e4f38/clear - {}
RESULT: {}
COMMAND: POST /session/4fc28e253b565481e1c6e4e39067a406/element/368dccd8-1e23-40fa-a039-d6cafb3e4f38/value - {"text":"Quoc Bao Nguyen"}
RESULT: {"text":"Quoc Bao Nguyen"}
COMMAND: POST /session/4fc28e253b565481e1c6e4e39067a406/element/0632f91e-681b-47c2-99e8-5a1e378ced6e/clear - {}
RESULT: {}
COMMAND: POST /session/4fc28e253b565481e1c6e4e39067a406/element/0632f91e-681b-47c2-99e8-5a1e378ced6e/value - {"text":"baonguyen01121995@gmail.com"}
RESULT: {"text":"baonguyen01121995@gmail.com"}
COMMAND: POST /session/4fc28e253b565481e1c6e4e39067a406/element/55ea7310-0f7f-4883-a0c8-8356316786a4/clear - {}
RESULT: {}
COMMAND: POST /session/4fc28e253b565481e1c6e4e39067a406/element/55ea7310-0f7f-4883-a0c8-8356316786a4/value - {"text":"Test message"}
RESULT: {"text":"Test message"}
COMMAND: POST /session/4fc28e253b565481e1c6e4e39067a406/element/7c4c9f25-28dd-4533-8c76-e9af11abd709/clear - {}
RESULT: {}
COMMAND: POST /session/4fc28e253b565481e1c6e4e39067a406/element/7c4c9f25-28dd-4533-8c76-e9af11abd709/value - {"text":"Test 12312313"}
RESULT: {"text":"Test 12312313"}
RESULT: undefined
COMMAND: POST /session/4fc28e253b565481e1c6e4e39067a406/element - {"using":"css selector","value":"[value=\"Send Message\"]"}
RESULT: {"using":"css selector","value":"[value=\"Send Message\"]"}
COMMAND: POST /session/4fc28e253b565481e1c6e4e39067a406/execute/sync - {"script":"return (function isElementDisplayed(element) {\n    function nodeIsElement(node) {\n        if (!node) {\n            return false;\n        }\n        switch (node.nodeType) {\n            case Node.ELEMEN ... (7807 more bytes)","args":[{"element-6066-11e4-a52e-4f735466cecf":"210ef757-3d54-4f2f-9f78-7382b7c84a99","ELEMENT":"210ef757-3d54-4f2f-9f78-7382b7c84a99"}]}
RESULT: {"script":"return (function isElementDisplayed(element) {\n    function nodeIsElement(node) {\n        if (!node) {\n            return false;\n        }\n        switch (node.nodeType) {\n            case Node.ELEMEN ... (7807 more bytes)","args":[{"element-6066-11e4-a52e-4f735466cecf":"210ef757-3d54-4f2f-9f78-7382b7c84a99","ELEMENT":"210ef757-3d54-4f2f-9f78-7382b7c84a99"}]}
COMMAND: POST /session/4fc28e253b565481e1c6e4e39067a406/execute/sync - {"script":"return (function isElementClickable(elem) {\n    if (!elem.getBoundingClientRect || !elem.scrollIntoView || !elem.contains || !elem.getClientRects || !document.elementFromPoint) {\n        return false; ... (5151 more bytes)","args":[{"element-6066-11e4-a52e-4f735466cecf":"210ef757-3d54-4f2f-9f78-7382b7c84a99","ELEMENT":"210ef757-3d54-4f2f-9f78-7382b7c84a99"}]}
RESULT: {"script":"return (function isElementClickable(elem) {\n    if (!elem.getBoundingClientRect || !elem.scrollIntoView || !elem.contains || !elem.getClientRects || !document.elementFromPoint) {\n        return false; ... (5151 more bytes)","args":[{"element-6066-11e4-a52e-4f735466cecf":"210ef757-3d54-4f2f-9f78-7382b7c84a99","ELEMENT":"210ef757-3d54-4f2f-9f78-7382b7c84a99"}]}
COMMAND: POST /session/4fc28e253b565481e1c6e4e39067a406/element/210ef757-3d54-4f2f-9f78-7382b7c84a99/click - {}
RESULT: {}
RESULT: undefined
COMMAND: POST /session/4fc28e253b565481e1c6e4e39067a406/element - {"using":"css selector","value":"h3"}
RESULT: {"using":"css selector","value":"h3"}
COMMAND: POST /session/4fc28e253b565481e1c6e4e39067a406/element - {"using":"css selector","value":"h3"}
RESULT: {"using":"css selector","value":"h3"}
COMMAND: POST /session/4fc28e253b565481e1c6e4e39067a406/element/8ba8c035-5532-4fb4-b493-39ba0108579f/element - {"using":"xpath","value":".."}
RESULT: {"using":"xpath","value":".."}
COMMAND: POST /session/4fc28e253b565481e1c6e4e39067a406/element/8b2314e4-4b9c-445c-a43d-38417888eb22/element - {"using":"xpath","value":".."}
RESULT: {"using":"xpath","value":".."}
COMMAND: POST /session/4fc28e253b565481e1c6e4e39067a406/element/7d5c1c8c-a17d-4d13-8ceb-9f9d255bd47a/element - {"using":"xpath","value":".."}
RESULT: {"using":"xpath","value":".."}
COMMAND: POST /session/4fc28e253b565481e1c6e4e39067a406/element/b5b24e8b-63d4-4585-99d7-24e3e1baaa2c/element - {"using":"css selector","value":".page-header"}
RESULT: {"using":"css selector","value":".page-header"}
COMMAND: POST /session/4fc28e253b565481e1c6e4e39067a406/execute/sync - {"script":"return (function (elem, id) {\n        return (function parentElement() {\n        return this.parentElement;\n    }).call(elem, id);\n    }).apply(null, arguments)","args":[{"element-6066-11e4-a52e-4f735466cecf":"8b2314e4-4b9c-445c-a43d-38417888eb22","ELEMENT":"8b2314e4-4b9c-445c-a43d-38417888eb22"},null]}
RESULT: {"script":"return (function (elem, id) {\n        return (function parentElement() {\n        return this.parentElement;\n    }).call(elem, id);\n    }).apply(null, arguments)","args":[{"element-6066-11e4-a52e-4f735466cecf":"8b2314e4-4b9c-445c-a43d-38417888eb22","ELEMENT":"8b2314e4-4b9c-445c-a43d-38417888eb22"},null]}
COMMAND: GET /session/4fc28e253b565481e1c6e4e39067a406/element/8ba8c035-5532-4fb4-b493-39ba0108579f/text - {}
RESULT: {}
COMMAND: GET /session/4fc28e253b565481e1c6e4e39067a406/element/7d5c1c8c-a17d-4d13-8ceb-9f9d255bd47a/text - {}
RESULT: {}
RESULT: undefined
COMMAND: DELETE /session/4fc28e253b565481e1c6e4e39067a406 - {}
RESULT: {}
]]></system-out>
    </testcase>
  </testsuite>
</testsuites>